This is pdfTeX, Version 3.1415926-2.4-1.40.13 (TeX Live 2012/W32TeX) (format=pdflatex 2013.2.25)  10 MAR 2013 23:20
entering extended mode
 restricted \write18 enabled.
 %&-line parsing enabled.
**problema1_2.tex
(./problema1_2.tex
LaTeX2e <2011/06/27>
Babel <v3.8m> and hyphenation patterns for english, dumylang, nohyphenation, ge
rman-x-2012-05-30, ngerman-x-2012-05-30, afrikaans, ancientgreek, ibycus, arabi
c, armenian, basque, bulgarian, catalan, pinyin, coptic, croatian, czech, danis
h, dutch, ukenglish, usenglishmax, esperanto, estonian, ethiopic, farsi, finnis
h, french, friulan, galician, german, ngerman, swissgerman, monogreek, greek, h
ungarian, icelandic, assamese, bengali, gujarati, hindi, kannada, malayalam, ma
rathi, oriya, panjabi, tamil, telugu, indonesian, interlingua, irish, italian, 
kurmanji, latin, latvian, lithuanian, mongolian, mongolianlmc, bokmal, nynorsk,
 piedmontese, polish, portuguese, romanian, romansh, russian, sanskrit, serbian
, serbianc, slovak, slovenian, spanish, swedish, turkish, turkmen, ukrainian, u
ppersorbian, welsh, loaded.

! LaTeX Error: Environment problema undefined.

See the LaTeX manual or LaTeX Companion for explanation.
Type  H <return>  for immediate help.
 ...                                              
                                                  
l.1 \begin{problema}
                    
Your command was ignored.
Type  I <command> <return>  to replace it with another command,
or  <return>  to continue without it.


! LaTeX Error: Missing \begin{document}.

See the LaTeX manual or LaTeX Companion for explanation.
Type  H <return>  for immediate help.
 ...                                              
                                                  
l.2 		S
       uponga que \(T\) es un tiempo de paro tal que para alg√∫n
You're in trouble here.  Try typing  <return>  to proceed.
If that doesn't work, type  X <return>  to quit.

Missing character: There is no S in font nullfont!
Missing character: There is no u in font nullfont!
Missing character: There is no p in font nullfont!
Missing character: There is no o in font nullfont!
Missing character: There is no n in font nullfont!
Missing character: There is no g in font nullfont!
Missing character: There is no a in font nullfont!
Missing character: There is no q in font nullfont!
Missing character: There is no u in font nullfont!
Missing character: There is no e in font nullfont!
LaTeX Font Info:    External font `cmex10' loaded for size
(Font)              <7> on input line 2.
LaTeX Font Info:    External font `cmex10' loaded for size
(Font)              <5> on input line 2.
Missing character: There is no e in font nullfont!
Missing character: There is no s in font nullfont!
Missing character: There is no u in font nullfont!
Missing character: There is no n in font nullfont!
Missing character: There is no t in font nullfont!
Missing character: There is no i in font nullfont!
Missing character: There is no e in font nullfont!
Missing character: There is no m in font nullfont!
Missing character: There is no p in font nullfont!
Missing character: There is no o in font nullfont!
Missing character: There is no d in font nullfont!
Missing character: There is no e in font nullfont!
Missing character: There is no p in font nullfont!
Missing character: There is no a in font nullfont!
Missing character: There is no r in font nullfont!
Missing character: There is no o in font nullfont!
Missing character: There is no t in font nullfont!
Missing character: There is no a in font nullfont!
Missing character: There is no l in font nullfont!
Missing character: There is no q in font nullfont!
Missing character: There is no u in font nullfont!
Missing character: There is no e in font nullfont!
Missing character: There is no p in font nullfont!
Missing character: There is no a in font nullfont!
Missing character: There is no r in font nullfont!
Missing character: There is no a in font nullfont!
Missing character: There is no a in font nullfont!
Missing character: There is no l in font nullfont!
Missing character: There is no g in font nullfont!
Missing character: There is no √ in font nullfont!
Missing character: There is no ∫ in font nullfont!
Missing character: There is no n in font nullfont!
! Undefined control sequence.
l.3 		\(N\in\mathbb
                   {N}\) y \(\varepsilon>0\) se tiene que para toda \(n\in\m...
The control sequence at the end of the top line
of your error message was never \def'ed. If you have
misspelled it (e.g., `\hobx'), type `I' and the correct
spelling (e.g., `I\hbox'). Otherwise just continue,
and I'll forget about whatever was undefined.

Missing character: There is no y in font nullfont!
Missing character: There is no s in font nullfont!
Missing character: There is no e in font nullfont!
Missing character: There is no t in font nullfont!
Missing character: There is no i in font nullfont!
Missing character: There is no e in font nullfont!
Missing character: There is no n in font nullfont!
Missing character: There is no e in font nullfont!
Missing character: There is no q in font nullfont!
Missing character: There is no u in font nullfont!
Missing character: There is no e in font nullfont!
Missing character: There is no p in font nullfont!
Missing character: There is no a in font nullfont!
Missing character: There is no r in font nullfont!
Missing character: There is no a in font nullfont!
Missing character: There is no t in font nullfont!
Missing character: There is no o in font nullfont!
Missing character: There is no d in font nullfont!
Missing character: There is no a in font nullfont!
! Undefined control sequence.
l.3 ...on>0\) se tiene que para toda \(n\in\mathbb
                                                  {N}\):
The control sequence at the end of the top line
of your error message was never \def'ed. If you have
misspelled it (e.g., `\hobx'), type `I' and the correct
spelling (e.g., `I\hbox'). Otherwise just continue,
and I'll forget about whatever was undefined.

Missing character: There is no : in font nullfont!

Overfull \hbox (20.0pt too wide) in paragraph at lines 2--4
[]
 []


Overfull \hbox (7.23265pt too wide) in paragraph at lines 2--4
\OML/cmm/m/it/10 T$
 []


Overfull \hbox (18.56937pt too wide) in paragraph at lines 2--4
\OML/cmm/m/it/10 N \OMS/cmsy/m/n/10 2
 []


Overfull \hbox (9.12497pt too wide) in paragraph at lines 2--4
\OML/cmm/m/it/10 N$
 []


Overfull \hbox (15.21869pt too wide) in paragraph at lines 2--4
\OML/cmm/m/it/10 " >
 []


Overfull \hbox (5.00002pt too wide) in paragraph at lines 2--4
\OT1/cmr/m/n/10 0$
 []


Overfull \hbox (15.44675pt too wide) in paragraph at lines 2--4
\OML/cmm/m/it/10 n \OMS/cmsy/m/n/10 2
 []


Overfull \hbox (9.12497pt too wide) in paragraph at lines 2--4
\OML/cmm/m/it/10 N$ 
 []

! Undefined control sequence.
l.4 		$$ \mathbb
                {P} (T \leq N + n | F_n) > \varepsilon \text{ casi seguramen...
The control sequence at the end of the top line
of your error message was never \def'ed. If you have
misspelled it (e.g., `\hobx'), type `I' and the correct
spelling (e.g., `I\hbox'). Otherwise just continue,
and I'll forget about whatever was undefined.

! Undefined control sequence.
l.4 ...P} (T \leq N + n | F_n) > \varepsilon \text
                                                  { casi seguramente} $$
The control sequence at the end of the top line
of your error message was never \def'ed. If you have
misspelled it (e.g., `\hobx'), type `I' and the correct
spelling (e.g., `I\hbox'). Otherwise just continue,
and I'll forget about whatever was undefined.


Overfull \hbox (167.43018pt too wide) detected at line 4
\OML/cmm/m/it/10 P\OT1/cmr/m/n/10 (\OML/cmm/m/it/10 T \OMS/cmsy/m/n/10 ^^T \OML
/cmm/m/it/10 N \OT1/cmr/m/n/10 + \OML/cmm/m/it/10 n\OMS/cmsy/m/n/10 j\OML/cmm/m
/it/10 F[]\OT1/cmr/m/n/10 ) \OML/cmm/m/it/10 > "[]
 []

Missing character: There is no A in font nullfont!
Missing character: There is no l in font nullfont!
Missing character: There is no v in font nullfont!
Missing character: There is no e in font nullfont!
Missing character: There is no r in font nullfont!
Missing character: There is no i in font nullfont!
Missing character: There is no f in font nullfont!
Missing character: There is no i in font nullfont!
Missing character: There is no c in font nullfont!
Missing character: There is no a in font nullfont!
Missing character: There is no r in font nullfont!
Missing character: There is no l in font nullfont!
Missing character: There is no a in font nullfont!
Missing character: There is no d in font nullfont!
Missing character: There is no e in font nullfont!
Missing character: There is no s in font nullfont!
Missing character: There is no o in font nullfont!
Missing character: There is no m in font nullfont!
Missing character: There is no p in font nullfont!
Missing character: There is no o in font nullfont!
Missing character: There is no s in font nullfont!
Missing character: There is no i in font nullfont!
Missing character: There is no c in font nullfont!
Missing character: There is no i in font nullfont!
LaTeX Font Info:    Try loading font information for +cmr on input line 5.
LaTeX Font Info:    No file cmr.fd. on input line 5.

LaTeX Font Warning: Font shape `/cmr/m/n' undefined
(Font)              using `/cmr/m/n' instead on input line 5.

! Corrupted NFSS tables.
wrong@fontshape ...message {Corrupted NFSS tables}
                                                  error@fontshape else let f...
l.5 		Al verificar la desomposici\'o
                                    n
This error message was generated by an \errmessage
command, so I can't give any explicit help.
Pretend that you're Hercule Poirot: Examine all clues,
and deduce the truth by order and method.


LaTeX Font Warning: Font shape `/cmr/m/n' undefined
(Font)              using `OT1/cmr/m/n' instead on input line 5.

Missing character: There is no n in font nullfont!

Overfull \hbox (10.00003pt too wide) in paragraph at lines 4--6
   \/cmr/m/n/10 ^^So 
 []

! Undefined control sequence.
l.6 		$$ \mathbb
                {P} (T>kN)= \mathbb{P} (T>kN,T>(k-1)N), $$
The control sequence at the end of the top line
of your error message was never \def'ed. If you have
misspelled it (e.g., `\hobx'), type `I' and the correct
spelling (e.g., `I\hbox'). Otherwise just continue,
and I'll forget about whatever was undefined.

! Undefined control sequence.
l.6 		$$ \mathbb{P} (T>kN)= \mathbb
                                   {P} (T>kN,T>(k-1)N), $$
The control sequence at the end of the top line
of your error message was never \def'ed. If you have
misspelled it (e.g., `\hobx'), type `I' and the correct
spelling (e.g., `I\hbox'). Otherwise just continue,
and I'll forget about whatever was undefined.


Overfull \hbox (177.36421pt too wide) detected at line 6
\OML/cmm/m/it/10 P\/cmr/m/n/10 (\OML/cmm/m/it/10 T > kN\/cmr/m/n/10 ) = \OML/cm
m/m/it/10 P\/cmr/m/n/10 (\OML/cmm/m/it/10 T > kN; T > \/cmr/m/n/10 (\OML/cmm/m/
it/10 k \OMS/cmsy/m/n/10 ^^@ \/cmr/m/n/10 1)\OML/cmm/m/it/10 N\/cmr/m/n/10 )\OM
L/cmm/m/it/10 ;
 []

Missing character: There is no p in font nullfont!
Missing character: There is no r in font nullfont!
Missing character: There is no u in font nullfont!
Missing character: There is no e in font nullfont!
Missing character: There is no b in font nullfont!
Missing character: There is no e in font nullfont!
Missing character: There is no p in font nullfont!
Missing character: There is no o in font nullfont!
Missing character: There is no r in font nullfont!
Missing character: There is no i in font nullfont!
Missing character: There is no n in font nullfont!
Missing character: There is no d in font nullfont!
Missing character: There is no u in font nullfont!
Missing character: There is no c in font nullfont!
Missing character: There is no c in font nullfont!
Missing character: There is no i in font nullfont!
Missing character: There is no n in font nullfont!
Missing character: There is no q in font nullfont!
Missing character: There is no u in font nullfont!
Missing character: There is no e in font nullfont!
Missing character: There is no p in font nullfont!
Missing character: There is no a in font nullfont!
Missing character: There is no r in font nullfont!
Missing character: There is no a in font nullfont!
Missing character: There is no c in font nullfont!
Missing character: There is no a in font nullfont!
Missing character: There is no d in font nullfont!
Missing character: There is no a in font nullfont!
Missing character: There is no : in font nullfont!

Overfull \hbox (5.00002pt too wide) in paragraph at lines 6--8
  \/cmr/m/n/10 ^^So
 []


Overfull \hbox (16.07635pt too wide) in paragraph at lines 6--8
\OML/cmm/m/it/10 k \/cmr/m/n/10 =
 []


Overfull \hbox (30.55547pt too wide) in paragraph at lines 6--8
\/cmr/m/n/10 1\OML/cmm/m/it/10 ; \/cmr/m/n/10 2\OML/cmm/m/it/10 ; []$ 
 []

! Undefined control sequence.
l.8 		$$ \mathbb
                {P} (T>kN)\leq (1-\varepsilon)^k.  $$
The control sequence at the end of the top line
of your error message was never \def'ed. If you have
misspelled it (e.g., `\hobx'), type `I' and the correct
spelling (e.g., `I\hbox'). Otherwise just continue,
and I'll forget about whatever was undefined.


Overfull \hbox (97.0485pt too wide) detected at line 8
\OML/cmm/m/it/10 P\/cmr/m/n/10 (\OML/cmm/m/it/10 T > kN\/cmr/m/n/10 ) \OMS/cmsy
/m/n/10 ^^T \/cmr/m/n/10 (1 \OMS/cmsy/m/n/10 ^^@ \OML/cmm/m/it/10 "\/cmr/m/n/10
 )[]\OML/cmm/m/it/10 :
 []

Missing character: There is no P in font nullfont!
Missing character: There is no r in font nullfont!
Missing character: There is no u in font nullfont!
Missing character: There is no e in font nullfont!
Missing character: There is no b in font nullfont!
Missing character: There is no e in font nullfont!
Missing character: There is no q in font nullfont!
Missing character: There is no u in font nullfont!
Missing character: There is no e in font nullfont!
! Undefined control sequence.
l.9 		Pruebe que \( \mathbb
                           {E}(T)<\infty \).
The control sequence at the end of the top line
of your error message was never \def'ed. If you have
misspelled it (e.g., `\hobx'), type `I' and the correct
spelling (e.g., `I\hbox'). Otherwise just continue,
and I'll forget about whatever was undefined.

Missing character: There is no . in font nullfont!

! LaTeX Error: Environment categoria undefined.

See the LaTeX manual or LaTeX Companion for explanation.
Type  H <return>  for immediate help.
 ...                                              
                                                  
l.10 	\begin{categoria}
                        Tiempos de paro.\end{categoria}
Your command was ignored.
Type  I <command> <return>  to replace it with another command,
or  <return>  to continue without it.

Missing character: There is no T in font nullfont!
Missing character: There is no i in font nullfont!
Missing character: There is no e in font nullfont!
Missing character: There is no m in font nullfont!
Missing character: There is no p in font nullfont!
Missing character: There is no o in font nullfont!
Missing character: There is no s in font nullfont!
Missing character: There is no d in font nullfont!
Missing character: There is no e in font nullfont!
Missing character: There is no p in font nullfont!
Missing character: There is no a in font nullfont!
Missing character: There is no r in font nullfont!
Missing character: There is no o in font nullfont!
Missing character: There is no . in font nullfont!

! LaTeX Error: \begin{document} ended by \end{categoria}.

See the LaTeX manual or LaTeX Companion for explanation.
Type  H <return>  for immediate help.
 ...                                              
                                                  
l.10 ...categoria} Tiempos de paro.\end{categoria}
                                                  
Your command was ignored.
Type  I <command> <return>  to replace it with another command,
or  <return>  to continue without it.


! LaTeX Error: \begin{document} ended by \end{problema}.

See the LaTeX manual or LaTeX Companion for explanation.
Type  H <return>  for immediate help.
 ...                                              
                                                  
l.11 \end{problema}
                   
Your command was ignored.
Type  I <command> <return>  to replace it with another command,
or  <return>  to continue without it.


Overfull \hbox (33.52428pt too wide) in paragraph at lines 8--12
  $\OML/cmm/m/it/10 E\/cmr/m/n/10 (\OML/cmm/m/it/10 T\/cmr/m/n/10 ) \OML/cmm/m/
it/10 <
 []


Overfull \hbox (10.00002pt too wide) in paragraph at lines 8--12
\OMS/cmsy/m/n/10 1$
 []


! LaTeX Error: Environment proof undefined.

See the LaTeX manual or LaTeX Companion for explanation.
Type  H <return>  for immediate help.
 ...                                              
                                                  
l.13 \begin{proof}
                  
Your command was ignored.
Type  I <command> <return>  to replace it with another command,
or  <return>  to continue without it.


! LaTeX Error: Missing \begin{document}.

See the LaTeX manual or LaTeX Companion for explanation.
Type  H <return>  for immediate help.
 ...                                              
                                                  
l.14 	T
       enemos que:
You're in trouble here.  Try typing  <return>  to proceed.
If that doesn't work, type  X <return>  to quit.

Missing character: There is no T in font nullfont!
Missing character: There is no e in font nullfont!
Missing character: There is no n in font nullfont!
Missing character: There is no e in font nullfont!
Missing character: There is no m in font nullfont!
Missing character: There is no o in font nullfont!
Missing character: There is no s in font nullfont!
Missing character: There is no q in font nullfont!
Missing character: There is no u in font nullfont!
Missing character: There is no e in font nullfont!
Missing character: There is no : in font nullfont!

Overfull \hbox (20.0pt too wide) in paragraph at lines 14--15
[]
 []


Overfull \hbox (127.08995pt too wide) detected at line 15
\/cmr/m/n/10 (\OML/cmm/m/it/10 T > kN \OMS/cmsy/m/n/10 ) \OML/cmm/m/it/10 T > \
/cmr/m/n/10 (\OML/cmm/m/it/10 k \OMS/cmsy/m/n/10 ^^@ \/cmr/m/n/10 1)\OML/cmm/m/
it/10 N \OMS/cmsy/m/n/10 )\/cmr/m/n/10 )
 []


Overfull \hbox (132.64554pt too wide) detected at line 16
\/cmr/m/n/10 (\OML/cmm/m/it/10 T > kN\/cmr/m/n/10 ) \OMS/cmsy/m/n/10 ^^Z \/cmr/
m/n/10 (\OML/cmm/m/it/10 T > \/cmr/m/n/10 (\OML/cmm/m/it/10 k \OMS/cmsy/m/n/10 
^^@ \/cmr/m/n/10 1)\OML/cmm/m/it/10 N\/cmr/m/n/10 ) \OMS/cmsy/m/n/10 )
 []


Overfull \hbox (182.30171pt too wide) detected at line 17
\/cmr/m/n/10 (\OML/cmm/m/it/10 T > kN\/cmr/m/n/10 ) \OMS/cmsy/m/n/10 \ \/cmr/m/
n/10 (\OML/cmm/m/it/10 T > \/cmr/m/n/10 (\OML/cmm/m/it/10 k \OMS/cmsy/m/n/10 ^^
@ \/cmr/m/n/10 1)\OML/cmm/m/it/10 N\/cmr/m/n/10 ) = (\OML/cmm/m/it/10 T > kN\/c
mr/m/n/10 ) \OMS/cmsy/m/n/10 )
 []

! Undefined control sequence.
l.18 		$$\mw
            (T>kN, T>(k-1)N) = \mw(T>kN)$$
The control sequence at the end of the top line
of your error message was never \def'ed. If you have
misspelled it (e.g., `\hobx'), type `I' and the correct
spelling (e.g., `I\hbox'). Otherwise just continue,
and I'll forget about whatever was undefined.

! Undefined control sequence.
l.18 		$$\mw(T>kN, T>(k-1)N) = \mw
                                  (T>kN)$$
The control sequence at the end of the top line
of your error message was never \def'ed. If you have
misspelled it (e.g., `\hobx'), type `I' and the correct
spelling (e.g., `I\hbox'). Otherwise just continue,
and I'll forget about whatever was undefined.


Overfull \hbox (158.96835pt too wide) detected at line 18
\/cmr/m/n/10 (\OML/cmm/m/it/10 T > kN; T > \/cmr/m/n/10 (\OML/cmm/m/it/10 k \OM
S/cmsy/m/n/10 ^^@ \/cmr/m/n/10 1)\OML/cmm/m/it/10 N\/cmr/m/n/10 ) = (\OML/cmm/m
/it/10 T > kN\/cmr/m/n/10 )
 []


! LaTeX Error: \begin{document} ended by \end{proof}.

See the LaTeX manual or LaTeX Companion for explanation.
Type  H <return>  for immediate help.
 ...                                              
                                                  
l.19 \end{proof}
                
Your command was ignored.
Type  I <command> <return>  to replace it with another command,
or  <return>  to continue without it.

)
! Emergency stop.
<*> problema1_2.tex
                   
*** (job aborted, no legal \end found)

 
Here is how much of TeX's memory you used:
 22 strings out of 493481
 292 string characters out of 3144419
 50445 words of memory out of 3000000
 3429 multiletter control sequences out of 15000+200000
 3640 words of font info for 14 fonts, out of 3000000 for 9000
 957 hyphenation exceptions out of 8191
 18i,2n,16p,101b,91s stack positions out of 5000i,500n,10000p,200000b,50000s
!  ==> Fatal error occurred, no output PDF file produced!
