\BOOKMARK [0][-]{section*.1}{Tarea 1}{}% 1
\BOOKMARK [1][-]{section.0.1}{0.1. Problema 1.1}{section*.1}% 2
\BOOKMARK [1][-]{section.0.2}{0.2. Problema 1.2}{section*.1}% 3
\BOOKMARK [1][-]{section.0.3}{0.3. Problema 1.3}{section*.1}% 4
\BOOKMARK [2][-]{subsection.0.3.1}{0.3.1. Inciso \(i\)}{section.0.3}% 5
\BOOKMARK [2][-]{subsection.0.3.2}{0.3.2. Inciso \(ii\)}{section.0.3}% 6
\BOOKMARK [2][-]{subsection.0.3.3}{0.3.3. Inciso \(iii\)}{section.0.3}% 7
\BOOKMARK [2][-]{subsection.0.3.4}{0.3.4. Inciso \(iv\)}{section.0.3}% 8
\BOOKMARK [2][-]{subsection.0.3.5}{0.3.5. Inciso \(v\)}{section.0.3}% 9
\BOOKMARK [1][-]{section.0.4}{0.4. Problema 1.4}{section*.1}% 10
\BOOKMARK [2][-]{subsection.0.4.1}{0.4.1. Inciso \(i\)}{section.0.4}% 11
\BOOKMARK [2][-]{subsection.0.4.2}{0.4.2. Inciso \(ii\)}{section.0.4}% 12
\BOOKMARK [2][-]{subsection.0.4.3}{0.4.3. Inciso \(iii\)}{section.0.4}% 13
\BOOKMARK [2][-]{subsection.0.4.4}{0.4.4. Inciso \(iv\)}{section.0.4}% 14
\BOOKMARK [2][-]{subsection.0.4.5}{0.4.5. Inciso \(v\)}{section.0.4}% 15
\BOOKMARK [2][-]{subsection.0.4.6}{0.4.6. Inciso \(vi\)}{section.0.4}% 16
\BOOKMARK [0][-]{section*.2}{Tarea 2}{}% 17
\BOOKMARK [1][-]{section.0.5}{0.5. Problema 2.1}{section*.2}% 18
\BOOKMARK [2][-]{subsection.0.5.1}{0.5.1. Inciso \(i\)}{section.0.5}% 19
\BOOKMARK [2][-]{subsection.0.5.2}{0.5.2. Inciso \(ii\)}{section.0.5}% 20
\BOOKMARK [2][-]{subsection.0.5.3}{0.5.3. Inciso \(iii\)}{section.0.5}% 21
\BOOKMARK [2][-]{subsection.0.5.4}{0.5.4. Inciso \(iv\)}{section.0.5}% 22
\BOOKMARK [1][-]{section.0.6}{0.6. Problema 2.2}{section*.2}% 23
\BOOKMARK [1][-]{section.0.7}{0.7. Problema 2.3}{section*.2}% 24
\BOOKMARK [2][-]{subsection.0.7.1}{0.7.1. Inciso \(i\)}{section.0.7}% 25
\BOOKMARK [2][-]{subsection.0.7.2}{0.7.2. Inciso \(ii\)}{section.0.7}% 26
\BOOKMARK [2][-]{subsection.0.7.3}{0.7.3. Inciso \(iii\)}{section.0.7}% 27
\BOOKMARK [2][-]{subsection.0.7.4}{0.7.4. Inciso \(iv\)}{section.0.7}% 28
\BOOKMARK [2][-]{subsection.0.7.5}{0.7.5. Inciso \(v\)}{section.0.7}% 29
\BOOKMARK [3][-]{subsubsection.0.7.5.1}{0.7.5.1. Subinciso \(v.1\)}{subsection.0.7.5}% 30
\BOOKMARK [3][-]{subsubsection.0.7.5.2}{0.7.5.2. Subinciso \(v.ii\)}{subsection.0.7.5}% 31
\BOOKMARK [1][-]{section.0.8}{0.8. Problema 2.4}{section*.2}% 32
\BOOKMARK [0][-]{section*.3}{Tarea 3}{}% 33
\BOOKMARK [0][-]{section*.4}{Referencias}{}% 34
\BOOKMARK [1][-]{section*.5}{References}{section*.4}% 35
