\BOOKMARK [0][-]{part.1}{Part 1. Tarea 1}{}% 1
\BOOKMARK [1][-]{section.1.1}{1.1. Problema 1.1}{part.1}% 2
\BOOKMARK [1][-]{section.1.2}{1.2. Problema 1.2}{part.1}% 3
\BOOKMARK [1][-]{section.1.3}{1.3. Problema 1.3}{part.1}% 4
\BOOKMARK [2][-]{subsection.1.3.1}{1.3.1. Inciso \(i\)}{section.1.3}% 5
\BOOKMARK [2][-]{subsection.1.3.2}{1.3.2. Inciso \(ii\)}{section.1.3}% 6
\BOOKMARK [2][-]{subsection.1.3.3}{1.3.3. Inciso \(iii\)}{section.1.3}% 7
\BOOKMARK [2][-]{subsection.1.3.4}{1.3.4. Inciso \(iv\)}{section.1.3}% 8
\BOOKMARK [2][-]{subsection.1.3.5}{1.3.5. Inciso \(v\)}{section.1.3}% 9
\BOOKMARK [1][-]{section.1.4}{1.4. Problema 1.4}{part.1}% 10
\BOOKMARK [2][-]{subsection.1.4.1}{1.4.1. Inciso \(i\)}{section.1.4}% 11
\BOOKMARK [2][-]{subsection.1.4.2}{1.4.2. Inciso \(ii\)}{section.1.4}% 12
\BOOKMARK [2][-]{subsection.1.4.3}{1.4.3. Inciso \(iii\)}{section.1.4}% 13
\BOOKMARK [2][-]{subsection.1.4.4}{1.4.4. Inciso \(iv\)}{section.1.4}% 14
\BOOKMARK [2][-]{subsection.1.4.5}{1.4.5. Inciso \(v\)}{section.1.4}% 15
\BOOKMARK [2][-]{subsection.1.4.6}{1.4.6. Inciso \(vi\)}{section.1.4}% 16
\BOOKMARK [0][-]{part.2}{Part 2. Tarea 2}{}% 17
\BOOKMARK [1][-]{section.2.1}{2.1. Problema 2.1}{part.2}% 18
\BOOKMARK [2][-]{subsection.2.1.1}{2.1.1. Inciso \(i\)}{section.2.1}% 19
\BOOKMARK [2][-]{subsection.2.1.2}{2.1.2. Inciso \(ii\)}{section.2.1}% 20
\BOOKMARK [2][-]{subsection.2.1.3}{2.1.3. Inciso \(iii\)}{section.2.1}% 21
\BOOKMARK [2][-]{subsection.2.1.4}{2.1.4. Inciso \(iv\)}{section.2.1}% 22
\BOOKMARK [1][-]{section.2.2}{2.2. Problema 2.2}{part.2}% 23
\BOOKMARK [1][-]{section.2.3}{2.3. Problema 2.3}{part.2}% 24
\BOOKMARK [2][-]{subsection.2.3.1}{2.3.1. Inciso \(i\)}{section.2.3}% 25
\BOOKMARK [2][-]{subsection.2.3.2}{2.3.2. Inciso \(ii\)}{section.2.3}% 26
\BOOKMARK [2][-]{subsection.2.3.3}{2.3.3. Inciso \(iii\)}{section.2.3}% 27
\BOOKMARK [2][-]{subsection.2.3.4}{2.3.4. Inciso \(iv\)}{section.2.3}% 28
\BOOKMARK [2][-]{subsection.2.3.5}{2.3.5. Inciso \(v\)}{section.2.3}% 29
\BOOKMARK [3][-]{subsubsection.2.3.5.1}{2.3.5.1. Subinciso \(v.i\)}{subsection.2.3.5}% 30
\BOOKMARK [3][-]{subsubsection.2.3.5.2}{2.3.5.2. Subinciso \(v.ii\)}{subsection.2.3.5}% 31
\BOOKMARK [1][-]{section.2.4}{2.4. Problema 2.4}{part.2}% 32
\BOOKMARK [2][-]{subsection.2.4.1}{2.4.1. Inciso \(i\)}{section.2.4}% 33
\BOOKMARK [2][-]{subsection.2.4.2}{2.4.2. Inciso \(ii\)}{section.2.4}% 34
\BOOKMARK [2][-]{subsection.2.4.3}{2.4.3. Inciso \(iii\)}{section.2.4}% 35
\BOOKMARK [2][-]{subsection.2.4.4}{2.4.4. Inciso \(iv\)}{section.2.4}% 36
\BOOKMARK [0][-]{part.3}{Part 3. Tarea 3}{}% 37
\BOOKMARK [1][-]{section.3.1}{3.1. Problema 3.1}{part.3}% 38
\BOOKMARK [2][-]{subsection.3.1.1}{3.1.1. Inciso \(i\)}{section.3.1}% 39
\BOOKMARK [2][-]{subsection.3.1.2}{3.1.2. Inciso \(ii\)}{section.3.1}% 40
\BOOKMARK [2][-]{subsection.3.1.3}{3.1.3. Inciso \(iii\)}{section.3.1}% 41
\BOOKMARK [1][-]{section.3.2}{3.2. Problema 3.2}{part.3}% 42
\BOOKMARK [1][-]{section.3.3}{3.3. Problema 3.4}{part.3}% 43
\BOOKMARK [2][-]{subsection.3.3.1}{3.3.1. Inciso \(i\)}{section.3.3}% 44
\BOOKMARK [2][-]{subsection.3.3.2}{3.3.2. Inciso \(ii\)}{section.3.3}% 45
\BOOKMARK [0][-]{part.4}{Part 4. Tarea 4}{}% 46
\BOOKMARK [1][-]{section.4.1}{4.1. Problema 4.1}{part.4}% 47
\BOOKMARK [2][-]{subsection.4.1.1}{4.1.1. Inciso \(i\)}{section.4.1}% 48
\BOOKMARK [2][-]{subsection.4.1.2}{4.1.2. Inciso \(ii\)}{section.4.1}% 49
\BOOKMARK [2][-]{subsection.4.1.3}{4.1.3. Inciso \(iii\)}{section.4.1}% 50
\BOOKMARK [1][-]{section.4.2}{4.2. Problema 4.2}{part.4}% 51
\BOOKMARK [2][-]{subsection.4.2.1}{4.2.1. Inciso \(i\)}{section.4.2}% 52
\BOOKMARK [2][-]{subsection.4.2.2}{4.2.2. Inciso \(ii\)}{section.4.2}% 53
\BOOKMARK [2][-]{subsection.4.2.3}{4.2.3. Inciso \(iii\)}{section.4.2}% 54
\BOOKMARK [2][-]{subsection.4.2.4}{4.2.4. Inciso \(iv\)}{section.4.2}% 55
\BOOKMARK [1][-]{section.4.3}{4.3. Problema 4.3}{part.4}% 56
\BOOKMARK [2][-]{subsection.4.3.1}{4.3.1. Inciso \(i\)}{section.4.3}% 57
\BOOKMARK [2][-]{subsection.4.3.2}{4.3.2. Inciso \(ii\)}{section.4.3}% 58
\BOOKMARK [1][-]{section.4.4}{4.4. Problema 4.4}{part.4}% 59
\BOOKMARK [2][-]{subsection.4.4.1}{4.4.1. Inciso \(i\)}{section.4.4}% 60
\BOOKMARK [2][-]{subsection.4.4.2}{4.4.2. Inciso \(ii\)}{section.4.4}% 61
\BOOKMARK [2][-]{subsection.4.4.3}{4.4.3. Inciso \(iii\)}{section.4.4}% 62
\BOOKMARK [2][-]{subsection.4.4.4}{4.4.4. Inciso \(iv\)}{section.4.4}% 63
\BOOKMARK [0][-]{part.5}{Part 5. Tarea 5}{}% 64
\BOOKMARK [1][-]{section.5.1}{5.1. Problema 5.1}{part.5}% 65
\BOOKMARK [2][-]{subsection.5.1.1}{5.1.1. Inciso \(i\)}{section.5.1}% 66
\BOOKMARK [2][-]{subsection.5.1.2}{5.1.2. Inciso \(ii\)}{section.5.1}% 67
\BOOKMARK [2][-]{subsection.5.1.3}{5.1.3. Inciso \(iii\)}{section.5.1}% 68
\BOOKMARK [2][-]{subsection.5.1.4}{5.1.4. Inciso \(iv\)}{section.5.1}% 69
\BOOKMARK [1][-]{section.5.2}{5.2. Problema 5.2}{part.5}% 70
\BOOKMARK [2][-]{subsection.5.2.1}{5.2.1. Inciso \(i\)}{section.5.2}% 71
\BOOKMARK [2][-]{subsection.5.2.2}{5.2.2. Inciso \(ii\)}{section.5.2}% 72
\BOOKMARK [2][-]{subsection.5.2.3}{5.2.3. Inciso \(iii\)}{section.5.2}% 73
\BOOKMARK [2][-]{subsection.5.2.4}{5.2.4. Inciso \(iv\)}{section.5.2}% 74
\BOOKMARK [1][-]{section.5.3}{5.3. Problema 5.3}{part.5}% 75
\BOOKMARK [2][-]{subsection.5.3.1}{5.3.1. Inciso \(i\)}{section.5.3}% 76
\BOOKMARK [2][-]{subsection.5.3.2}{5.3.2. Inciso \(ii\)}{section.5.3}% 77
\BOOKMARK [2][-]{subsection.5.3.3}{5.3.3. Inciso \(iii\)}{section.5.3}% 78
\BOOKMARK [2][-]{subsection.5.3.4}{5.3.4. Inciso \(iv\)}{section.5.3}% 79
\BOOKMARK [2][-]{subsection.5.3.5}{5.3.5. Inciso \(v\)}{section.5.3}% 80
\BOOKMARK [1][-]{section.5.4}{5.4. Problema 5.4}{part.5}% 81
\BOOKMARK [1][-]{section.5.5}{5.5. Problema 5.5}{part.5}% 82
\BOOKMARK [2][-]{subsection.5.5.1}{5.5.1. Inciso \(i\)}{section.5.5}% 83
\BOOKMARK [2][-]{subsection.5.5.2}{5.5.2. Inciso \(ii\)}{section.5.5}% 84
\BOOKMARK [2][-]{subsection.5.5.3}{5.5.3. Inciso \(iii\)}{section.5.5}% 85
\BOOKMARK [2][-]{subsection.5.5.4}{5.5.4. Inciso \(iv\)}{section.5.5}% 86
\BOOKMARK [1][-]{section.5.6}{5.6. Problema 5.6}{part.5}% 87
\BOOKMARK [2][-]{subsection.5.6.1}{5.6.1. Inciso \(i\)}{section.5.6}% 88
\BOOKMARK [2][-]{subsection.5.6.2}{5.6.2. Inciso \(ii\)}{section.5.6}% 89
\BOOKMARK [2][-]{subsection.5.6.3}{5.6.3. Inciso \(iii\)}{section.5.6}% 90
\BOOKMARK [2][-]{subsection.5.6.4}{5.6.4. Inciso \(iv\)}{section.5.6}% 91
\BOOKMARK [2][-]{subsection.5.6.5}{5.6.5. Inciso \(v\)}{section.5.6}% 92
\BOOKMARK [2][-]{subsection.5.6.6}{5.6.6. Inciso \(vi\)}{section.5.6}% 93
\BOOKMARK [2][-]{subsection.5.6.7}{5.6.7. Inciso \(vii\)}{section.5.6}% 94
\BOOKMARK [2][-]{subsection.5.6.8}{5.6.8. Inciso \(viii\)}{section.5.6}% 95
\BOOKMARK [1][-]{section.5.7}{5.7. Problema 5.7}{part.5}% 96
\BOOKMARK [2][-]{subsection.5.7.1}{5.7.1. Inciso \(i\)}{section.5.7}% 97
\BOOKMARK [2][-]{subsection.5.7.2}{5.7.2. Inciso \(ii\)}{section.5.7}% 98
\BOOKMARK [2][-]{subsection.5.7.3}{5.7.3. Inciso \(iii\)}{section.5.7}% 99
\BOOKMARK [1][-]{section.5.8}{5.8. Problema 5.8}{part.5}% 100
\BOOKMARK [2][-]{subsection.5.8.1}{5.8.1. Inciso \(i\)}{section.5.8}% 101
\BOOKMARK [2][-]{subsection.5.8.2}{5.8.2. Inciso \(ii\)}{section.5.8}% 102
\BOOKMARK [2][-]{subsection.5.8.3}{5.8.3. Inciso \(iii\)}{section.5.8}% 103
\BOOKMARK [2][-]{subsection.5.8.4}{5.8.4. Inciso \(iv\)}{section.5.8}% 104
\BOOKMARK [0][-]{section*.1}{Referencias}{}% 105
\BOOKMARK [1][-]{section*.2}{References}{section*.1}% 106
\BOOKMARK [0][-]{section*.3}{Notas}{}% 107
